<?xml version="1.0" encoding="UTF-8"?>
<!-- Generated by org.testng.reporters.JUnitXMLReporter -->
<testsuite hostname="DESKTOP-6RRFP2O" ignored="0" name="Default test" tests="5" failures="0" timestamp="2021-03-30T20:27:29 IST" time="185.466" errors="0">
  <testcase name="BookDiagnosticTest" time="31.08" classname="TestCases.LowerMenuTest"/>
  <testcase name="BookfullbodyCheckups" time="28.088" classname="TestCases.LowerMenuTest"/>
  <testcase name="searchforclinicTest" time="56.593" classname="TestCases.LowerMenuTest"/>
  <testcase name="searchfordoctorsTest" time="33.709" classname="TestCases.LowerMenuTest"/>
  <testcase name="searchforhospitalsTest" time="35.351" classname="TestCases.LowerMenuTest"/>
</testsuite> <!-- Default test -->
