<?xml version="1.0" encoding="UTF-8"?>
<!-- Generated by org.testng.reporters.JUnitXMLReporter -->
<testsuite hostname="DESKTOP-6RRFP2O" ignored="0" name="Default test" tests="5" failures="0" timestamp="2021-03-19T17:29:34 IST" time="95.399" errors="0">
  <testcase name="BookDiagnosticTest" time="19.894" classname="TestCases.LowerMenuTest"/>
  <testcase name="BookfullbodyCheckups" time="17.883" classname="TestCases.LowerMenuTest"/>
  <testcase name="searchforclinicTest" time="19.808" classname="TestCases.LowerMenuTest"/>
  <testcase name="searchfordoctorsTest" time="18.245" classname="TestCases.LowerMenuTest"/>
  <testcase name="searchforhospitalsTest" time="19.046" classname="TestCases.LowerMenuTest"/>
</testsuite> <!-- Default test -->
