<?xml version="1.0" encoding="UTF-8"?>
<!-- Generated by org.testng.reporters.JUnitXMLReporter -->
<testsuite hostname="DESKTOP-6RRFP2O" ignored="0" name="All Test Suite" tests="15" failures="0" timestamp="2021-03-31T12:50:01 IST" time="460.933" errors="0">
  <testcase name="corporateWellnessTest" time="22.335" classname="TestCases.CorporateWellnessTest"/>
  <testcase name="verifyLogInWithInvalidCredentials" time="24.436" classname="TestCases.LogInTest"/>
  <testcase name="verifyLogInWithvalidCredentials" time="21.806" classname="TestCases.LogInTest"/>
  <testcase name="getHospitalsNmaes" time="45.563" classname="TestCases.SearchHospitalTest"/>
  <testcase name="topCitiesTest" time="35.326" classname="TestCases.DiagnosticTest"/>
  <testcase name="consultButtontest" time="22.062" classname="TestCases.TopMenuTest"/>
  <testcase name="diagnosticsButtontest" time="19.229" classname="TestCases.TopMenuTest"/>
  <testcase name="doctorsButtontest" time="19.354" classname="TestCases.TopMenuTest"/>
  <testcase name="homeButtontest" time="17.754" classname="TestCases.TopMenuTest"/>
  <testcase name="pharmacyButtontest" time="42.602" classname="TestCases.TopMenuTest"/>
  <testcase name="BookDiagnosticTest" time="36.134" classname="TestCases.LowerMenuTest"/>
  <testcase name="BookfullbodyCheckups" time="37.932" classname="TestCases.LowerMenuTest"/>
  <testcase name="searchforclinicTest" time="36.899" classname="TestCases.LowerMenuTest"/>
  <testcase name="searchfordoctorsTest" time="36.411" classname="TestCases.LowerMenuTest"/>
  <testcase name="searchforhospitalsTest" time="41.624" classname="TestCases.LowerMenuTest"/>
</testsuite> <!-- All Test Suite -->
