<?xml version="1.0" encoding="UTF-8"?>
<!-- Generated by org.testng.reporters.JUnitXMLReporter -->
<testsuite hostname="DESKTOP-6RRFP2O" ignored="0" name="All Test Suite" tests="15" failures="0" timestamp="2021-03-24T12:01:03 IST" time="401.505" errors="0">
  <testcase name="corporateWellnessTest" time="26.133" classname="TestCases.CorporateWellnessTest"/>
  <testcase name="verifyLogInWithInvalidCredentials" time="28.733" classname="TestCases.LogInTest"/>
  <testcase name="verifyLogInWithvalidCredentials" time="24.82" classname="TestCases.LogInTest"/>
  <testcase name="getHospitalsNmaes" time="54.651" classname="TestCases.SearchHospitalTest"/>
  <testcase name="topCitiesTest" time="23.699" classname="TestCases.DiagnosticTest"/>
  <testcase name="consultButtontest" time="20.59" classname="TestCases.TopMenuTest"/>
  <testcase name="diagnosticsButtontest" time="23.233" classname="TestCases.TopMenuTest"/>
  <testcase name="doctorsButtontest" time="21.213" classname="TestCases.TopMenuTest"/>
  <testcase name="homeButtontest" time="18.554" classname="TestCases.TopMenuTest"/>
  <testcase name="pharmacyButtontest" time="19.883" classname="TestCases.TopMenuTest"/>
  <testcase name="BookDiagnosticTest" time="26.359" classname="TestCases.LowerMenuTest"/>
  <testcase name="BookfullbodyCheckups" time="25.721" classname="TestCases.LowerMenuTest"/>
  <testcase name="searchforclinicTest" time="27.852" classname="TestCases.LowerMenuTest"/>
  <testcase name="searchfordoctorsTest" time="31.113" classname="TestCases.LowerMenuTest"/>
  <testcase name="searchforhospitalsTest" time="27.19" classname="TestCases.LowerMenuTest"/>
</testsuite> <!-- All Test Suite -->
