<?xml version="1.0" encoding="UTF-8"?>
<testng-results skipped="0" failed="0" ignored="0" total="1" passed="1">
  <reporter-output>
  </reporter-output>
  <suite name="Default suite" duration-ms="17750" started-at="2021-03-27T16:41:30 IST" finished-at="2021-03-27T16:41:48 IST">
    <groups>
      <group name="smoke">
        <method signature="CorporateWellnessTest.corporateWellnessTest()[pri:0, instance:TestCases.CorporateWellnessTest@b59d31]" name="corporateWellnessTest" class="TestCases.CorporateWellnessTest"/>
      </group> <!-- smoke -->
    </groups>
    <test name="Default test" duration-ms="17750" started-at="2021-03-27T16:41:30 IST" finished-at="2021-03-27T16:41:48 IST">
      <class name="TestCases.CorporateWellnessTest">
        <test-method status="PASS" signature="corporateWellnessTest()[pri:0, instance:TestCases.CorporateWellnessTest@b59d31]" name="corporateWellnessTest" duration-ms="17615" started-at="2021-03-27T16:41:30 IST" finished-at="2021-03-27T16:41:48 IST">
          <reporter-output>
          </reporter-output>
        </test-method> <!-- corporateWellnessTest -->
        <test-method status="PASS" signature="flushReports()[pri:0, instance:TestCases.CorporateWellnessTest@b59d31]" name="flushReports" is-config="true" duration-ms="80" started-at="2021-03-27T16:41:48 IST" finished-at="2021-03-27T16:41:48 IST">
          <reporter-output>
          </reporter-output>
        </test-method> <!-- flushReports -->
      </class> <!-- TestCases.CorporateWellnessTest -->
    </test> <!-- Default test -->
  </suite> <!-- Default suite -->
</testng-results>
